Undefined symbols for architecture x86_64:
  "_boo", referenced from:
      TEST_Example_test2_Test::testBody() in ExampleTest.o
  "_foo", referenced from:
      TEST_Example_test2_Test::testBody() in ExampleTest.o
  "_goo", referenced from:
      TEST_Example_test2_Test::testBody() in ExampleTest.o
ld: symbol(s) not found for architecture x86_64
clang: error: linker command failed with exit code 1 (use -v to see invocation)
make: *** [example_tests] Error 1
